0 info it worked if it ends with ok
1 verbose cli [ '/usr/bin/nodejs', '/usr/bin/npm', 'run', 'serve' ]
2 info using npm@3.10.10
3 info using node@v6.9.5
4 verbose run-script [ 'preserve', 'serve', 'postserve' ]
5 info lifecycle guests-list-ariosto-spallanzani@0.0.1~preserve: guests-list-ariosto-spallanzani@0.0.1
6 silly lifecycle guests-list-ariosto-spallanzani@0.0.1~preserve: no script for preserve, continuing
7 info lifecycle guests-list-ariosto-spallanzani@0.0.1~serve: guests-list-ariosto-spallanzani@0.0.1
8 verbose lifecycle guests-list-ariosto-spallanzani@0.0.1~serve: unsafe-perm in lifecycle true
9 verbose lifecycle guests-list-ariosto-spallanzani@0.0.1~serve: PATH: /usr/lib/node_modules/npm/bin/node-gyp-bin:/mnt/c/Users/Francesco/Repositories/guest-list-service/frontend/node_modules/.bin:/mnt/c/Users/Francesco/Repositories/guest-list-service/frontend/node_modules/.bin:/home/fra/.yarn-config/link/node_modules/.bin:/mnt/c/Users/Francesco/Repositories/guest-list-service/frontend/node_modules/.bin:/home/fra/.yarn-config/link/node_modules/.bin:/mnt/c/Users/Francesco/Repositories/guest-list-service/frontend/bower_components/.bin:/home/fra/.yarn-config/link/bower_components/.bin:/mnt/c/Program Files (x86)/Yarn/bin/node-gyp-bin:/usr/local/sbin:/usr/local/bin:/usr/sbin:/usr/bin:/sbin:/bin:/usr/games:/usr/local/games:/mnt/c/Program Files/Broadcom/Broadcom 802.11 Network Adapter:/mnt/c/ProgramData/Oracle/Java/javapath:/mnt/c/Program Files/Broadcom/Broadcom 802.11:/mnt/c/Program Files (x86)/NVIDIA Corporation/PhysX/Common:/mnt/c/Program Files (x86)/Intel/iCLS Client:/mnt/c/Program Files/Intel/iCLS Client:/mnt/c/WINDOWS/System32:/mnt/c/WINDOWS:/mnt/c/WINDOWS/System32/wbem:/mnt/c/WINDOWS/System32/WindowsPowerShell/v1.0:/mnt/c/Program Files/Microsoft DNX/Dnvm:/mnt/c/Program Files (x86)/Windows Live/Shared:/mnt/c/Program Files (x86)/Skype/Phone:/mnt/c/Program Files (x86)/Windows Kits/10/Windows Performance Toolkit:/mnt/c/Program Files/Calibre2:/mnt/c/Program Files (x86)/GtkSharp/2.12/bin:/mnt/c/Program Files/dotnet:/mnt/c/Program Files/Microsoft SQL Server/130/Tools/Binn:/mnt/c/Program Files/Git/cmd:/mnt/c/Program Files (x86)/Microsoft Emulator Manager/1.0:/mnt/c/Program Files (x86)/nodejs:/mnt/c/Program Files (x86)/Yarn/bin:/mnt/c/Program Files/Amazon/AWSCLI:/mnt/c/Program Files/Intel/Intel(R) Management Engine Components/DAL:/mnt/c/Program Files/Intel/Intel(R) Management Engine Components/IPT:/mnt/c/Users/Francesco/Anaconda2:/mnt/c/Users/Francesco/Anaconda2/Scripts:/mnt/c/Users/Francesco/Anaconda2/Library/bin:/mnt/c/Program Files (x86)/Microsoft VS Code/bin:/mnt/c/Users/Francesco/AppData/Local/Microsoft/WindowsApps:/mnt/c/Users/Francesco/AppData/Roaming/npm
10 verbose lifecycle guests-list-ariosto-spallanzani@0.0.1~serve: CWD: /mnt/c/Users/Francesco/Repositories/guest-list-service/frontend
11 silly lifecycle guests-list-ariosto-spallanzani@0.0.1~serve: Args: [ '-c', 'webpack-dev-server --progress --colors' ]
12 info lifecycle guests-list-ariosto-spallanzani@0.0.1~serve: Failed to exec serve script
13 verbose stack Error: guests-list-ariosto-spallanzani@0.0.1 serve: `webpack-dev-server --progress --colors`
13 verbose stack spawn ENOENT
13 verbose stack     at ChildProcess.<anonymous> (/usr/lib/node_modules/npm/lib/utils/spawn.js:33:16)
13 verbose stack     at emitTwo (events.js:106:13)
13 verbose stack     at ChildProcess.emit (events.js:191:7)
13 verbose stack     at maybeClose (internal/child_process.js:877:16)
13 verbose stack     at Process.ChildProcess._handle.onexit (internal/child_process.js:226:5)
14 verbose pkgid guests-list-ariosto-spallanzani@0.0.1
15 verbose cwd /mnt/c/Users/Francesco/Repositories/guest-list-service/frontend
16 error Linux 4.4.0-43-Microsoft
17 error argv "/usr/bin/nodejs" "/usr/bin/npm" "run" "serve"
18 error node v6.9.5
19 error npm  v3.10.10
20 error file sh
21 error code ELIFECYCLE
22 error errno ENOENT
23 error syscall spawn
24 error guests-list-ariosto-spallanzani@0.0.1 serve: `webpack-dev-server --progress --colors`
24 error spawn ENOENT
25 error Failed at the guests-list-ariosto-spallanzani@0.0.1 serve script 'webpack-dev-server --progress --colors'.
25 error Make sure you have the latest version of node.js and npm installed.
25 error If you do, this is most likely a problem with the guests-list-ariosto-spallanzani package,
25 error not with npm itself.
25 error Tell the author that this fails on your system:
25 error     webpack-dev-server --progress --colors
25 error You can get information on how to open an issue for this project with:
25 error     npm bugs guests-list-ariosto-spallanzani
25 error Or if that isn't available, you can get their info via:
25 error     npm owner ls guests-list-ariosto-spallanzani
25 error There is likely additional logging output above.
26 verbose exit [ 1, true ]
